\BOOKMARK [0][-]{chapter.1}{Introduction}{}% 1
\BOOKMARK [1][-]{section.1.1}{Purpose}{chapter.1}% 2
\BOOKMARK [1][-]{section.1.2}{Intended Audience}{chapter.1}% 3
\BOOKMARK [1][-]{section.1.3}{Project Scope}{chapter.1}% 4
\BOOKMARK [1][-]{section.1.4}{References}{chapter.1}% 5
\BOOKMARK [0][-]{chapter.2}{Overall Description}{}% 6
\BOOKMARK [1][-]{section.2.1}{Product Perspective}{chapter.2}% 7
\BOOKMARK [1][-]{section.2.2}{Product Functions}{chapter.2}% 8
\BOOKMARK [1][-]{section.2.3}{User Classes and Characteristics}{chapter.2}% 9
\BOOKMARK [1][-]{section.2.4}{Operating Environment}{chapter.2}% 10
\BOOKMARK [1][-]{section.2.5}{User Documentation}{chapter.2}% 11
\BOOKMARK [0][-]{chapter.3}{System Features}{}% 12
\BOOKMARK [1][-]{section.3.1}{Message History Synchronization over mulitple devices}{chapter.3}% 13
\BOOKMARK [2][-]{subsection.3.1.1}{Description}{section.3.1}% 14
\BOOKMARK [2][-]{subsection.3.1.2}{Priority}{section.3.1}% 15
\BOOKMARK [2][-]{subsection.3.1.3}{Functional Requirements}{section.3.1}% 16
\BOOKMARK [1][-]{section.3.2}{CAS Support}{chapter.3}% 17
\BOOKMARK [1][-]{section.3.3}{Github Integration}{chapter.3}% 18
\BOOKMARK [2][-]{subsection.3.3.1}{Description}{section.3.3}% 19
\BOOKMARK [2][-]{subsection.3.3.2}{Priority}{section.3.3}% 20
\BOOKMARK [2][-]{subsection.3.3.3}{Functional Requirements}{section.3.3}% 21
\BOOKMARK [1][-]{section.3.4}{Theme Customization}{chapter.3}% 22
\BOOKMARK [2][-]{subsection.3.4.1}{Description}{section.3.4}% 23
\BOOKMARK [2][-]{subsection.3.4.2}{Priority}{section.3.4}% 24
\BOOKMARK [2][-]{subsection.3.4.3}{Functional Requirements}{section.3.4}% 25
