\BOOKMARK [0][-]{chapter.1}{Introduction}{}% 1
\BOOKMARK [1][-]{section.1.1}{Purpose}{chapter.1}% 2
\BOOKMARK [1][-]{section.1.2}{Intended Audience}{chapter.1}% 3
\BOOKMARK [1][-]{section.1.3}{Project Scope}{chapter.1}% 4
\BOOKMARK [1][-]{section.1.4}{References}{chapter.1}% 5
\BOOKMARK [0][-]{chapter.2}{Overall Description}{}% 6
\BOOKMARK [1][-]{section.2.1}{Product Perspective}{chapter.2}% 7
\BOOKMARK [1][-]{section.2.2}{Product Functions}{chapter.2}% 8
\BOOKMARK [1][-]{section.2.3}{User Classes and Characteristics}{chapter.2}% 9
\BOOKMARK [1][-]{section.2.4}{Operating Environment}{chapter.2}% 10
\BOOKMARK [1][-]{section.2.5}{Design and Implementation Constraints}{chapter.2}% 11
\BOOKMARK [1][-]{section.2.6}{User Documentation}{chapter.2}% 12
\BOOKMARK [1][-]{section.2.7}{Assumptions and Dependencies}{chapter.2}% 13
\BOOKMARK [0][-]{chapter.3}{System Features}{}% 14
\BOOKMARK [1][-]{section.3.1}{Message History Synchronization over mulitple devices}{chapter.3}% 15
\BOOKMARK [2][-]{subsection.3.1.1}{Description}{section.3.1}% 16
\BOOKMARK [2][-]{subsection.3.1.2}{Priority}{section.3.1}% 17
\BOOKMARK [2][-]{subsection.3.1.3}{Functional Requirements}{section.3.1}% 18
\BOOKMARK [1][-]{section.3.2}{System Feature 2 \(and so on\)}{chapter.3}% 19
\BOOKMARK [0][-]{chapter.4}{Other Nonfunctional Requirements}{}% 20
\BOOKMARK [1][-]{section.4.1}{Performance Requirements}{chapter.4}% 21
\BOOKMARK [1][-]{section.4.2}{Safety Requirements}{chapter.4}% 22
\BOOKMARK [1][-]{section.4.3}{Security Requirements}{chapter.4}% 23
\BOOKMARK [1][-]{section.4.4}{Software Quality Attributes}{chapter.4}% 24
\BOOKMARK [1][-]{section.4.5}{Business Rules}{chapter.4}% 25
\BOOKMARK [0][-]{chapter.5}{Other Requirements}{}% 26
\BOOKMARK [1][-]{section.5.1}{Appendix A: Glossary}{chapter.5}% 27
\BOOKMARK [1][-]{section.5.2}{Appendix B: Analysis Models}{chapter.5}% 28
\BOOKMARK [1][-]{section.5.3}{Appendix C: To Be Determined List}{chapter.5}% 29
